Flutter crash report; please file at https://github.com/flutter/flutter/issues.

## command

flutter build bundle --suppress-analytics --target E:\Projecten 2018\IchthusApp\Frontend\Flutter V1\ichthus_app\lib/main.dart --compilation-trace-file compilation.txt --target-platform android-arm64 --depfile E:\Projecten 2018\IchthusApp\Frontend\Flutter V1\ichthus_app\build\app\intermediates\flutter\debug/snapshot_blob.bin.d --asset-dir E:\Projecten 2018\IchthusApp\Frontend\Flutter V1\ichthus_app\build\app\intermediates\flutter\debug/flutter_assets --debug

## exception

FileSystemException: FileSystemException: Deletion failed, path = 'D:\android\flutter\flutter\bin\cache\pkg\sky_engine' (OS Error: Het systeem kan het opgegeven bestand niet vinden.
, errno = 2)

```
#0      _Directory._deleteSync (dart:io/directory_impl.dart:206:7)
#1      FileSystemEntity.deleteSync (dart:io/file_system_entity.dart:466:47)
#2      ForwardingFileSystemEntity.deleteSync (package:file/src/forwarding/forwarding_file_system_entity.dart:72:16)
#3      FlutterEngine.updateInner (package:flutter_tools/src/cache.dart:500:13)
<asynchronous suspension>
#4      CachedArtifact.update (package:flutter_tools/src/cache.dart:263:11)
<asynchronous suspension>
#5      Cache.updateAll (package:flutter_tools/src/cache.dart:219:26)
<asynchronous suspension>
#6      FlutterCommand.verifyThenRunCommand (package:flutter_tools/src/runner/flutter_command.dart:530:19)
<asynchronous suspension>
#7      FlutterCommand.run.<anonymous closure> (package:flutter_tools/src/runner/flutter_command.dart:482:33)
<asynchronous suspension>
#8      AppContext.run.<anonymous closure> (package:flutter_tools/src/base/context.dart:142:29)
<asynchronous suspension>
#9      _rootRun (dart:async/zone.dart:1124:13)
#10     _CustomZone.run (dart:async/zone.dart:1021:19)
#11     _runZoned (dart:async/zone.dart:1516:10)
#12     runZoned (dart:async/zone.dart:1463:12)
#13     AppContext.run (package:flutter_tools/src/base/context.dart:141:18)
<asynchronous suspension>
#14     FlutterCommand.run (package:flutter_tools/src/runner/flutter_command.dart:473:20)
#15     CommandRunner.runCommand (package:args/command_runner.dart:196:27)
<asynchronous suspension>
#16     FlutterCommandRunner.runCommand.<anonymous closure> (package:flutter_tools/src/runner/flutter_command_runner.dart:396:21)
<asynchronous suspension>
#17     AppContext.run.<anonymous closure> (package:flutter_tools/src/base/context.dart:142:29)
<asynchronous suspension>
#18     _rootRun (dart:async/zone.dart:1124:13)
#19     _CustomZone.run (dart:async/zone.dart:1021:19)
#20     _runZoned (dart:async/zone.dart:1516:10)
#21     runZoned (dart:async/zone.dart:1463:12)
#22     AppContext.run (package:flutter_tools/src/base/context.dart:141:18)
<asynchronous suspension>
#23     FlutterCommandRunner.runCommand (package:flutter_tools/src/runner/flutter_command_runner.dart:356:19)
<asynchronous suspension>
#24     CommandRunner.run.<anonymous closure> (package:args/command_runner.dart:111:29)
#25     new Future.sync (dart:async/future.dart:224:31)
#26     CommandRunner.run (package:args/command_runner.dart:111:11)
#27     FlutterCommandRunner.run (package:flutter_tools/src/runner/flutter_command_runner.dart:242:18)
#28     run.<anonymous closure> (package:flutter_tools/runner.dart:60:20)
<asynchronous suspension>
#29     AppContext.run.<anonymous closure> (package:flutter_tools/src/base/context.dart:142:29)
<asynchronous suspension>
#30     _rootRun (dart:async/zone.dart:1124:13)
#31     _CustomZone.run (dart:async/zone.dart:1021:19)
#32     _runZoned (dart:async/zone.dart:1516:10)
#33     runZoned (dart:async/zone.dart:1463:12)
#34     AppContext.run (package:flutter_tools/src/base/context.dart:141:18)
<asynchronous suspension>
#35     runInContext (package:flutter_tools/src/context_runner.dart:48:24)
<asynchronous suspension>
#36     run (package:flutter_tools/runner.dart:51:10)
#37     main (package:flutter_tools/executable.dart:52:9)
<asynchronous suspension>
#38     main (file:///D:/android/flutter/flutter/packages/flutter_tools/bin/flutter_tools.dart:8:3)
#39     _startIsolate.<anonymous closure> (dart:isolate/runtime/libisolate_patch.dart:298:32)
#40     _RawReceivePortImpl._handleMessage (dart:isolate/runtime/libisolate_patch.dart:171:12)
```

## flutter doctor

```
[!] Flutter (Channel beta, v1.2.1, on Microsoft Windows [Version 10.0.17134.590], locale en-GB)
    • Flutter version 1.2.1 at D:\android\flutter\flutter
    • Framework revision 8661d8aecd (2 weeks ago), 2019-02-14 19:19:53 -0800
    • Engine revision 3757390fa4
    • Dart version 2.1.2 (build 2.1.2-dev.0.0 0a7dcf17eb)
    ✗ Downloaded executables cannot execute on host.
      See https://github.com/flutter/flutter/issues/6207 for more information


[!] Android toolchain - develop for Android devices (Android SDK version 28.0.2)
    • Android SDK at C:\Users\natha\AppData\Local\Android\sdk
    • Android NDK location not configured (optional; useful for native profiling support)
    ✗ Flutter requires Android SDK 28 and the Android BuildTools 28.0.3
      To update using sdkmanager, run:
        C:\Users\natha\AppData\Local\Android\sdk\tools\bin\sdkmanager "platforms;android-28" "build-tools;28.0.3"
      or visit https://flutter.io/setup/#android-setup for detailed instructions.
    ! Some Android licenses not accepted.  To resolve this, run: flutter doctor --android-licenses

[!] Android Studio (version 3.1)
    • Android Studio at C:\Program Files\Android\Android Studio
    ✗ Flutter plugin not installed; this adds Flutter specific functionality.
    ✗ Dart plugin not installed; this adds Dart specific functionality.
    • Java version OpenJDK Runtime Environment (build 1.8.0_152-release-1024-b02)

[✓] VS Code (version 1.31.1)
    • VS Code at C:\Users\natha\AppData\Local\Programs\Microsoft VS Code
    • Flutter extension version 2.23.1

[✓] VS Code, 64-bit edition (version 1.26.0)
    • VS Code at C:\Program Files\Microsoft VS Code
    • Flutter extension version 2.23.1

[✓] Connected device (1 available)
    • ONEPLUS A6013 • 621075be • android-arm64 • Android 9 (API 28)

! Doctor found issues in 3 categories.
```
